#
# There is insufficient memory for the Java Runtime Environment to continue.
# Native memory allocation (malloc) failed to allocate 716177408 bytes for committing reserved memory.
# Possible reasons:
#   The system is out of physical RAM or swap space
#   In 32 bit mode, the process size limit was hit
# Possible solutions:
#   Reduce memory load on the system
#   Increase physical memory or swap space
#   Check if swap backing store is full
#   Use 64 bit Java on a 64 bit OS
#   Decrease Java heap size (-Xmx/-Xms)
#   Decrease number of Java threads
#   Decrease Java thread stack sizes (-Xss)
#   Set larger code cache with -XX:ReservedCodeCacheSize=
# This output file may be truncated or incomplete.
#
#  Out of Memory Error (os_linux.cpp:2769), pid=15282, tid=139671007741696
#
# JRE version:  (7.0_51-b31) (build )
# Java VM: OpenJDK 64-Bit Server VM (24.51-b03 mixed mode linux-amd64 compressed oops)
# Failed to write core dump. Core dumps have been disabled. To enable core dumping, try "ulimit -c unlimited" before starting Java again
#

---------------  T H R E A D  ---------------

Current thread (0x00007f07a8009800):  JavaThread "Unknown thread" [_thread_in_vm, id=15298, stack(0x00007f07b0bd4000,0x00007f07b0cd5000)]

Stack: [0x00007f07b0bd4000,0x00007f07b0cd5000],  sp=0x00007f07b0cd3510,  free space=1021k
Native frames: (J=compiled Java code, j=interpreted, Vv=VM code, C=native code)
V  [libjvm.so+0x917f29]  JVM_handle_linux_signal+0x177939
V  [libjvm.so+0x467d44]  dlerror+0x467d44
V  [libjvm.so+0x79a9db]  JVM_FindSignal+0x18cf6b
V  [libjvm.so+0x79534f]  JVM_FindSignal+0x1878df
V  [libjvm.so+0x8056ab]  JVM_handle_linux_signal+0x650bb
V  [libjvm.so+0x7f5bae]  JVM_handle_linux_signal+0x555be
V  [libjvm.so+0x284b62]  dlerror+0x284b62
V  [libjvm.so+0x7b8bfa]  JVM_handle_linux_signal+0x1860a
V  [libjvm.so+0x8ea057]  JVM_handle_linux_signal+0x149a67
V  [libjvm.so+0x8ea387]  JVM_handle_linux_signal+0x149d97
V  [libjvm.so+0x575b45]  AsyncGetCallTrace+0x90455
V  [libjvm.so+0x8cd1df]  JVM_handle_linux_signal+0x12cbef
V  [libjvm.so+0x5df324]  JNI_CreateJavaVM+0x54
C  [libjli.so+0x2998]  getenv+0x2998


---------------  P R O C E S S  ---------------

Java Threads: ( => current thread )

Other Threads:

=>0x00007f07a8009800 (exited) JavaThread "Unknown thread" [_thread_in_vm, id=15298, stack(0x00007f07b0bd4000,0x00007f07b0cd5000)]

VM state:not at safepoint (not fully initialized)

VM Mutex/Monitor currently owned by a thread: None

GC Heap History (0 events):
No events

Deoptimization events (0 events):
No events

Internal exceptions (0 events):
No events

Events (0 events):
No events


Dynamic libraries:
00400000-00401000 r-xp 00000000 08:03 270613                             /usr/lib/jvm/java-7-openjdk/jre/bin/java
00600000-00601000 rw-p 00000000 08:03 270613                             /usr/lib/jvm/java-7-openjdk/jre/bin/java
00ed6000-00ef7000 rw-p 00000000 00:00 0                                  [heap]
b5980000-bff80000 rw-p 00000000 00:00 0 
eaa80000-100000000 rw-p 00000000 00:00 0 
7f07a5000000-7f07a5270000 rwxp 00000000 00:00 0 
7f07a5270000-7f07a8022000 rw-p 00000000 00:00 0 
7f07a8022000-7f07ac000000 ---p 00000000 00:00 0 
7f07adc65000-7f07ade0d000 rw-p 00000000 00:00 0 
7f07ade0d000-7f07adeb9000 rw-p 00000000 00:00 0 
7f07adeb9000-7f07adec1000 r-xp 00000000 08:03 270581                     /usr/lib/jvm/java-7-openjdk/jre/lib/amd64/libzip.so
7f07adec1000-7f07ae0c0000 ---p 00008000 08:03 270581                     /usr/lib/jvm/java-7-openjdk/jre/lib/amd64/libzip.so
7f07ae0c0000-7f07ae0c1000 rw-p 00007000 08:03 270581                     /usr/lib/jvm/java-7-openjdk/jre/lib/amd64/libzip.so
7f07ae0c1000-7f07ae0cc000 r-xp 00000000 08:03 6425955                    /usr/lib/libnss_files-2.19.so
7f07ae0cc000-7f07ae2cb000 ---p 0000b000 08:03 6425955                    /usr/lib/libnss_files-2.19.so
7f07ae2cb000-7f07ae2cc000 r--p 0000a000 08:03 6425955                    /usr/lib/libnss_files-2.19.so
7f07ae2cc000-7f07ae2cd000 rw-p 0000b000 08:03 6425955                    /usr/lib/libnss_files-2.19.so
7f07ae2cd000-7f07ae2f8000 r-xp 00000000 08:03 270580                     /usr/lib/jvm/java-7-openjdk/jre/lib/amd64/libjava.so
7f07ae2f8000-7f07ae4f7000 ---p 0002b000 08:03 270580                     /usr/lib/jvm/java-7-openjdk/jre/lib/amd64/libjava.so
7f07ae4f7000-7f07ae4f9000 rw-p 0002a000 08:03 270580                     /usr/lib/jvm/java-7-openjdk/jre/lib/amd64/libjava.so
7f07ae4f9000-7f07ae506000 r-xp 00000000 08:03 270579                     /usr/lib/jvm/java-7-openjdk/jre/lib/amd64/libverify.so
7f07ae506000-7f07ae705000 ---p 0000d000 08:03 270579                     /usr/lib/jvm/java-7-openjdk/jre/lib/amd64/libverify.so
7f07ae705000-7f07ae707000 rw-p 0000c000 08:03 270579                     /usr/lib/jvm/java-7-openjdk/jre/lib/amd64/libverify.so
7f07ae707000-7f07ae70e000 r-xp 00000000 08:03 6425956                    /usr/lib/librt-2.19.so
7f07ae70e000-7f07ae90d000 ---p 00007000 08:03 6425956                    /usr/lib/librt-2.19.so
7f07ae90d000-7f07ae90e000 r--p 00006000 08:03 6425956                    /usr/lib/librt-2.19.so
7f07ae90e000-7f07ae90f000 rw-p 00007000 08:03 6425956                    /usr/lib/librt-2.19.so
7f07ae90f000-7f07ae924000 r-xp 00000000 08:03 6428867                    /usr/lib/libgcc_s.so.1
7f07ae924000-7f07aeb24000 ---p 00015000 08:03 6428867                    /usr/lib/libgcc_s.so.1
7f07aeb24000-7f07aeb25000 rw-p 00015000 08:03 6428867                    /usr/lib/libgcc_s.so.1
7f07aeb25000-7f07aec25000 r-xp 00000000 08:03 6425844                    /usr/lib/libm-2.19.so
7f07aec25000-7f07aee24000 ---p 00100000 08:03 6425844                    /usr/lib/libm-2.19.so
7f07aee24000-7f07aee25000 r--p 000ff000 08:03 6425844                    /usr/lib/libm-2.19.so
7f07aee25000-7f07aee26000 rw-p 00100000 08:03 6425844                    /usr/lib/libm-2.19.so
7f07aee26000-7f07aef0c000 r-xp 00000000 08:03 6439719                    /usr/lib/libstdc++.so.6.0.19
7f07aef0c000-7f07af10b000 ---p 000e6000 08:03 6439719                    /usr/lib/libstdc++.so.6.0.19
7f07af10b000-7f07af113000 r--p 000e5000 08:03 6439719                    /usr/lib/libstdc++.so.6.0.19
7f07af113000-7f07af115000 rw-p 000ed000 08:03 6439719                    /usr/lib/libstdc++.so.6.0.19
7f07af115000-7f07af12a000 rw-p 00000000 00:00 0 
7f07af12a000-7f07afc0b000 r-xp 00000000 08:03 270612                     /usr/lib/jvm/java-7-openjdk/jre/lib/amd64/server/libjvm.so
7f07afc0b000-7f07afe0a000 ---p 00ae1000 08:03 270612                     /usr/lib/jvm/java-7-openjdk/jre/lib/amd64/server/libjvm.so
7f07afe0a000-7f07afebe000 rw-p 00ae0000 08:03 270612                     /usr/lib/jvm/java-7-openjdk/jre/lib/amd64/server/libjvm.so
7f07afebe000-7f07afeec000 rw-p 00000000 00:00 0 
7f07afeec000-7f07aff01000 r-xp 00000000 08:03 6428924                    /usr/lib/libz.so.1.2.8
7f07aff01000-7f07b0100000 ---p 00015000 08:03 6428924                    /usr/lib/libz.so.1.2.8
7f07b0100000-7f07b0101000 r--p 00014000 08:03 6428924                    /usr/lib/libz.so.1.2.8
7f07b0101000-7f07b0102000 rw-p 00015000 08:03 6428924                    /usr/lib/libz.so.1.2.8
7f07b0102000-7f07b02a0000 r-xp 00000000 08:03 6425963                    /usr/lib/libc-2.19.so
7f07b02a0000-7f07b04a0000 ---p 0019e000 08:03 6425963                    /usr/lib/libc-2.19.so
7f07b04a0000-7f07b04a4000 r--p 0019e000 08:03 6425963                    /usr/lib/libc-2.19.so
7f07b04a4000-7f07b04a6000 rw-p 001a2000 08:03 6425963                    /usr/lib/libc-2.19.so
7f07b04a6000-7f07b04aa000 rw-p 00000000 00:00 0 
7f07b04aa000-7f07b04ad000 r-xp 00000000 08:03 6425909                    /usr/lib/libdl-2.19.so
7f07b04ad000-7f07b06ac000 ---p 00003000 08:03 6425909                    /usr/lib/libdl-2.19.so
7f07b06ac000-7f07b06ad000 r--p 00002000 08:03 6425909                    /usr/lib/libdl-2.19.so
7f07b06ad000-7f07b06ae000 rw-p 00003000 08:03 6425909                    /usr/lib/libdl-2.19.so
7f07b06ae000-7f07b06bb000 r-xp 00000000 08:03 270608                     /usr/lib/jvm/java-7-openjdk/jre/lib/amd64/jli/libjli.so
7f07b06bb000-7f07b08ba000 ---p 0000d000 08:03 270608                     /usr/lib/jvm/java-7-openjdk/jre/lib/amd64/jli/libjli.so
7f07b08ba000-7f07b08bb000 rw-p 0000c000 08:03 270608                     /usr/lib/jvm/java-7-openjdk/jre/lib/amd64/jli/libjli.so
7f07b08bb000-7f07b08d3000 r-xp 00000000 08:03 6425979                    /usr/lib/libpthread-2.19.so
7f07b08d3000-7f07b0ad2000 ---p 00018000 08:03 6425979                    /usr/lib/libpthread-2.19.so
7f07b0ad2000-7f07b0ad3000 r--p 00017000 08:03 6425979                    /usr/lib/libpthread-2.19.so
7f07b0ad3000-7f07b0ad4000 rw-p 00018000 08:03 6425979                    /usr/lib/libpthread-2.19.so
7f07b0ad4000-7f07b0ad8000 rw-p 00000000 00:00 0 
7f07b0ad8000-7f07b0af8000 r-xp 00000000 08:03 6425942                    /usr/lib/ld-2.19.so
7f07b0b14000-7f07b0b1e000 rw-p 00000000 00:00 0 
7f07b0b1e000-7f07b0bd4000 rw-p 00000000 00:00 0 
7f07b0bd4000-7f07b0bd7000 ---p 00000000 00:00 0 
7f07b0bd7000-7f07b0cd9000 rw-p 00000000 00:00 0                          [stack:15298]
7f07b0ceb000-7f07b0ced000 rw-p 00000000 00:00 0 
7f07b0ced000-7f07b0cf5000 rw-s 00000000 00:1f 87575                      /tmp/hsperfdata_sanford/15282
7f07b0cf5000-7f07b0cf6000 rw-p 00000000 00:00 0 
7f07b0cf6000-7f07b0cf7000 r--p 00000000 00:00 0 
7f07b0cf7000-7f07b0cf8000 rw-p 00000000 00:00 0 
7f07b0cf8000-7f07b0cf9000 r--p 00020000 08:03 6425942                    /usr/lib/ld-2.19.so
7f07b0cf9000-7f07b0cfa000 rw-p 00021000 08:03 6425942                    /usr/lib/ld-2.19.so
7f07b0cfa000-7f07b0cfb000 rw-p 00000000 00:00 0 
7fff368d5000-7fff368f7000 rw-p 00000000 00:00 0                          [stack]
7fff369be000-7fff369c0000 r-xp 00000000 00:00 0                          [vdso]
ffffffffff600000-ffffffffff601000 r-xp 00000000 00:00 0                  [vsyscall]

VM Arguments:
jvm_args: -Dgwt.persistentunitcachedir=/home/sanford/code/current/Burst/gwt/build/gwt/cache -Xms1G -Xmx1G -Dfile.encoding=UTF-8 
java_command: com.google.gwt.dev.CompilePermsServer -host localhost -port 46534 -logLevel WARN -cookie CFBA9064276554DECDBC75C5D3613BFE
Launcher Type: SUN_STANDARD

Environment Variables:
JAVA_HOME=/usr/lib/jvm/java-7-openjdk
PATH=/opt/android-sdk/platform-tools:/home/sanford/.gem/ruby/2.1.0/bin:/usr/local/sbin:/usr/local/bin:/usr/bin:/opt/android-sdk/tools:/usr/bin/site_perl:/usr/bin/vendor_perl:/usr/bin/core_perl
SHELL=/usr/bin/zsh
DISPLAY=:0

Signal Handlers:
SIGSEGV: [libjvm.so+0x918a20], sa_mask[0]=0x7ffbfeff, sa_flags=0x10000004
SIGBUS: [libjvm.so+0x918a20], sa_mask[0]=0x7ffbfeff, sa_flags=0x10000004
SIGFPE: [libjvm.so+0x796090], sa_mask[0]=0x7ffbfeff, sa_flags=0x10000004
SIGPIPE: [libjvm.so+0x796090], sa_mask[0]=0x7ffbfeff, sa_flags=0x10000004
SIGXFSZ: [libjvm.so+0x796090], sa_mask[0]=0x7ffbfeff, sa_flags=0x10000004
SIGILL: [libjvm.so+0x796090], sa_mask[0]=0x7ffbfeff, sa_flags=0x10000004
SIGUSR1: SIG_DFL, sa_mask[0]=0x00000000, sa_flags=0x00000000
SIGUSR2: [libjvm.so+0x795f30], sa_mask[0]=0x00000004, sa_flags=0x10000004
SIGHUP: SIG_DFL, sa_mask[0]=0x00000000, sa_flags=0x00000000
SIGINT: SIG_DFL, sa_mask[0]=0x00000000, sa_flags=0x00000000
SIGTERM: SIG_DFL, sa_mask[0]=0x00000000, sa_flags=0x00000000
SIGQUIT: SIG_DFL, sa_mask[0]=0x00000000, sa_flags=0x00000000


---------------  S Y S T E M  ---------------

OS:Linux
uname:Linux 3.13.6-1-ARCH #1 SMP PREEMPT Fri Mar 7 22:47:48 CET 2014 x86_64
libc:glibc 2.19 NPTL 2.19 
rlimit: STACK 8192k, CORE 0k, NPROC 30441, NOFILE 4096, AS infinity
load average:1.29 0.88 0.66

/proc/meminfo:
MemTotal:        3902060 kB
MemFree:          174436 kB
Buffers:           16372 kB
Cached:           813776 kB
SwapCached:            0 kB
Active:          3025156 kB
Inactive:         531104 kB
Active(anon):    2879168 kB
Inactive(anon):   388796 kB
Active(file):     145988 kB
Inactive(file):   142308 kB
Unevictable:           0 kB
Mlocked:               0 kB
SwapTotal:             0 kB
SwapFree:              0 kB
Dirty:              3532 kB
Writeback:             0 kB
AnonPages:       2726424 kB
Mapped:           126328 kB
Shmem:            541512 kB
Slab:              94424 kB
SReclaimable:      68652 kB
SUnreclaim:        25772 kB
KernelStack:        2152 kB
PageTables:        12708 kB
NFS_Unstable:          0 kB
Bounce:                0 kB
WritebackTmp:          0 kB
CommitLimit:     1951028 kB
Committed_AS:    5507028 kB
VmallocTotal:   34359738367 kB
VmallocUsed:      557804 kB
VmallocChunk:   34359164891 kB
HardwareCorrupted:     0 kB
AnonHugePages:    915456 kB
HugePages_Total:       0
HugePages_Free:        0
HugePages_Rsvd:        0
HugePages_Surp:        0
Hugepagesize:       2048 kB
DirectMap4k:       10496 kB
DirectMap2M:     4032512 kB


CPU:total 4 (2 cores per cpu, 2 threads per core) family 6 model 42 stepping 7, cmov, cx8, fxsr, mmx, sse, sse2, sse3, ssse3, sse4.1, sse4.2, popcnt, avx, aes, ht, tsc, tscinvbit

/proc/cpuinfo:
processor	: 0
vendor_id	: GenuineIntel
cpu family	: 6
model		: 42
model name	: Intel(R) Core(TM) i5-2450M CPU @ 2.50GHz
stepping	: 7
microcode	: 0x25
cpu MHz		: 2899.902
cache size	: 3072 KB
physical id	: 0
siblings	: 4
core id		: 0
cpu cores	: 2
apicid		: 0
initial apicid	: 0
fpu		: yes
fpu_exception	: yes
cpuid level	: 13
wp		: yes
flags		: fpu vme de pse tsc msr pae mce cx8 apic sep mtrr pge mca cmov pat pse36 clflush dts acpi mmx fxsr sse sse2 ss ht tm pbe syscall nx rdtscp lm constant_tsc arch_perfmon pebs bts rep_good nopl xtopology nonstop_tsc aperfmperf eagerfpu pni pclmulqdq dtes64 monitor ds_cpl vmx est tm2 ssse3 cx16 xtpr pdcm pcid sse4_1 sse4_2 x2apic popcnt tsc_deadline_timer aes xsave avx lahf_lm ida arat epb xsaveopt pln pts dtherm tpr_shadow vnmi flexpriority ept vpid
bogomips	: 4990.29
clflush size	: 64
cache_alignment	: 64
address sizes	: 36 bits physical, 48 bits virtual
power management:

processor	: 1
vendor_id	: GenuineIntel
cpu family	: 6
model		: 42
model name	: Intel(R) Core(TM) i5-2450M CPU @ 2.50GHz
stepping	: 7
microcode	: 0x25
cpu MHz		: 2899.902
cache size	: 3072 KB
physical id	: 0
siblings	: 4
core id		: 0
cpu cores	: 2
apicid		: 1
initial apicid	: 1
fpu		: yes
fpu_exception	: yes
cpuid level	: 13
wp		: yes
flags		: fpu vme de pse tsc msr pae mce cx8 apic sep mtrr pge mca cmov pat pse36 clflush dts acpi mmx fxsr sse sse2 ss ht tm pbe syscall nx rdtscp lm constant_tsc arch_perfmon pebs bts rep_good nopl xtopology nonstop_tsc aperfmperf eagerfpu pni pclmulqdq dtes64 monitor ds_cpl vmx est tm2 ssse3 cx16 xtpr pdcm pcid sse4_1 sse4_2 x2apic popcnt tsc_deadline_timer aes xsave avx lahf_lm ida arat epb xsaveopt pln pts dtherm tpr_shadow vnmi flexpriority ept vpid
bogomips	: 4990.29
clflush size	: 64
cache_alignment	: 64
address sizes	: 36 bits physical, 48 bits virtual
power management:

processor	: 2
vendor_id	: GenuineIntel
cpu family	: 6
model		: 42
model name	: Intel(R) Core(TM) i5-2450M CPU @ 2.50GHz
stepping	: 7
microcode	: 0x25
cpu MHz		: 3015.820
cache size	: 3072 KB
physical id	: 0
siblings	: 4
core id		: 1
cpu cores	: 2
apicid		: 2
initial apicid	: 2
fpu		: yes
fpu_exception	: yes
cpuid level	: 13
wp		: yes
flags		: fpu vme de pse tsc msr pae mce cx8 apic sep mtrr pge mca cmov pat pse36 clflush dts acpi mmx fxsr sse sse2 ss ht tm pbe syscall nx rdtscp lm constant_tsc arch_perfmon pebs bts rep_good nopl xtopology nonstop_tsc aperfmperf eagerfpu pni pclmulqdq dtes64 monitor ds_cpl vmx est tm2 ssse3 cx16 xtpr pdcm pcid sse4_1 sse4_2 x2apic popcnt tsc_deadline_timer aes xsave avx lahf_lm ida arat epb xsaveopt pln pts dtherm tpr_shadow vnmi flexpriority ept vpid
bogomips	: 4990.29
clflush size	: 64
cache_alignment	: 64
address sizes	: 36 bits physical, 48 bits virtual
power management:

processor	: 3
vendor_id	: GenuineIntel
cpu family	: 6
model		: 42
model name	: Intel(R) Core(TM) i5-2450M CPU @ 2.50GHz
stepping	: 7
microcode	: 0x25
cpu MHz		: 2899.902
cache size	: 3072 KB
physical id	: 0
siblings	: 4
core id		: 1
cpu cores	: 2
apicid		: 3
initial apicid	: 3
fpu		: yes
fpu_exception	: yes
cpuid level	: 13
wp		: yes
flags		: fpu vme de pse tsc msr pae mce cx8 apic sep mtrr pge mca cmov pat pse36 clflush dts acpi mmx fxsr sse sse2 ss ht tm pbe syscall nx rdtscp lm constant_tsc arch_perfmon pebs bts rep_good nopl xtopology nonstop_tsc aperfmperf eagerfpu pni pclmulqdq dtes64 monitor ds_cpl vmx est tm2 ssse3 cx16 xtpr pdcm pcid sse4_1 sse4_2 x2apic popcnt tsc_deadline_timer aes xsave avx lahf_lm ida arat epb xsaveopt pln pts dtherm tpr_shadow vnmi flexpriority ept vpid
bogomips	: 4990.29
clflush size	: 64
cache_alignment	: 64
address sizes	: 36 bits physical, 48 bits virtual
power management:



Memory: 4k page, physical 3902060k(174436k free), swap 0k(0k free)

vm_info: OpenJDK 64-Bit Server VM (24.51-b03) for linux-amd64 JRE (1.7.0_51-b31), built on Jan 29 2014 14:05:34 by "nobody" with gcc 4.8.2 20131219 (prerelease)

time: Mon Mar 24 11:50:01 2014
elapsed time: 0 seconds

